<?xml version="1.0" encoding="UTF-8"?>
<!-- Generated by org.testng.reporters.JUnitXMLReporter -->
<testsuite hostname="Dell-PC" failures="0" tests="12" name="Default test" time="0.156" errors="0" timestamp="6 Oct 2021 14:31:58 GMT">
  <testcase classname="sample.Test124" name="div" time="0.025"/>
  <testcase classname="sample.Test124" name="mul" time="0.002"/>
  <testcase classname="sample.Test124" name="sub" time="0.002"/>
  <testcase classname="sample.Test124" name="sum" time="0.003"/>
  <testcase classname="sample.Test123" name="div" time="0.002"/>
  <testcase classname="sample.Test123" name="mul" time="0.003"/>
  <testcase classname="sample.Test123" name="sub" time="0.002"/>
  <testcase classname="sample.Test123" name="sum" time="0.002"/>
  <testcase classname="sample.Test125" name="div" time="0.002"/>
  <testcase classname="sample.Test125" name="mul" time="0.002"/>
  <testcase classname="sample.Test125" name="sub" time="0.004"/>
  <testcase classname="sample.Test125" name="sum" time="0.003"/>
</testsuite> <!-- Default test -->
