<?xml version="1.0" encoding="UTF-8"?>
<testng-results total="12" passed="12" failed="0" skipped="0">
  <reporter-output>
  </reporter-output>
  <suite started-at="2021-10-06T14:31:58Z" name="Default suite" finished-at="2021-10-06T14:31:58Z" duration-ms="156">
    <groups>
    </groups>
    <test started-at="2021-10-06T14:31:58Z" name="Default test" finished-at="2021-10-06T14:31:58Z" duration-ms="156">
      <class name="sample.Test124">
        <test-method signature="div()[pri:0, instance:sample.Test124@1bd39d3c]" started-at="2021-10-06T20:01:58Z" name="div" finished-at="2021-10-06T20:01:58Z" duration-ms="25" status="PASS">
          <reporter-output>
          </reporter-output>
        </test-method> <!-- div -->
        <test-method signature="mul()[pri:0, instance:sample.Test124@1bd39d3c]" started-at="2021-10-06T20:01:58Z" name="mul" finished-at="2021-10-06T20:01:58Z" duration-ms="2" status="PASS">
          <reporter-output>
          </reporter-output>
        </test-method> <!-- mul -->
        <test-method signature="sub()[pri:0, instance:sample.Test124@1bd39d3c]" started-at="2021-10-06T20:01:58Z" name="sub" finished-at="2021-10-06T20:01:58Z" duration-ms="2" status="PASS">
          <reporter-output>
          </reporter-output>
        </test-method> <!-- sub -->
        <test-method signature="sum()[pri:0, instance:sample.Test124@1bd39d3c]" started-at="2021-10-06T20:01:58Z" name="sum" finished-at="2021-10-06T20:01:58Z" duration-ms="3" status="PASS">
          <reporter-output>
          </reporter-output>
        </test-method> <!-- sum -->
      </class> <!-- sample.Test124 -->
      <class name="sample.Test123">
        <test-method signature="div()[pri:0, instance:sample.Test123@59e505b2]" started-at="2021-10-06T20:01:58Z" name="div" finished-at="2021-10-06T20:01:58Z" duration-ms="2" status="PASS">
          <reporter-output>
          </reporter-output>
        </test-method> <!-- div -->
        <test-method signature="mul()[pri:0, instance:sample.Test123@59e505b2]" started-at="2021-10-06T20:01:58Z" name="mul" finished-at="2021-10-06T20:01:58Z" duration-ms="3" status="PASS">
          <reporter-output>
          </reporter-output>
        </test-method> <!-- mul -->
        <test-method signature="sub()[pri:0, instance:sample.Test123@59e505b2]" started-at="2021-10-06T20:01:58Z" name="sub" finished-at="2021-10-06T20:01:58Z" duration-ms="2" status="PASS">
          <reporter-output>
          </reporter-output>
        </test-method> <!-- sub -->
        <test-method signature="sum()[pri:0, instance:sample.Test123@59e505b2]" started-at="2021-10-06T20:01:58Z" name="sum" finished-at="2021-10-06T20:01:58Z" duration-ms="2" status="PASS">
          <reporter-output>
          </reporter-output>
        </test-method> <!-- sum -->
      </class> <!-- sample.Test123 -->
      <class name="sample.Test125">
        <test-method signature="div()[pri:0, instance:sample.Test125@3af0a9da]" started-at="2021-10-06T20:01:58Z" name="div" finished-at="2021-10-06T20:01:58Z" duration-ms="2" status="PASS">
          <reporter-output>
          </reporter-output>
        </test-method> <!-- div -->
        <test-method signature="mul()[pri:0, instance:sample.Test125@3af0a9da]" started-at="2021-10-06T20:01:58Z" name="mul" finished-at="2021-10-06T20:01:58Z" duration-ms="2" status="PASS">
          <reporter-output>
          </reporter-output>
        </test-method> <!-- mul -->
        <test-method signature="sub()[pri:0, instance:sample.Test125@3af0a9da]" started-at="2021-10-06T20:01:58Z" name="sub" finished-at="2021-10-06T20:01:58Z" duration-ms="4" status="PASS">
          <reporter-output>
          </reporter-output>
        </test-method> <!-- sub -->
        <test-method signature="sum()[pri:0, instance:sample.Test125@3af0a9da]" started-at="2021-10-06T20:01:58Z" name="sum" finished-at="2021-10-06T20:01:58Z" duration-ms="3" status="PASS">
          <reporter-output>
          </reporter-output>
        </test-method> <!-- sum -->
      </class> <!-- sample.Test125 -->
    </test> <!-- Default test -->
  </suite> <!-- Default suite -->
</testng-results>
